// 同步 ID: 2bfa7878 @ Wed Jul  8 07:46:42 UTC 2026
// 重构日志: a8e78bd3
// 重构日志: 4d2c5feb
// 重构日志: 2c9c4430
// 重构日志: 02a580b8
// 重构日志: dc99ef17
// 重构日志: 6240b517
// 重构日志: baded46e
// 同步 ID: 5e03f51b @ Thu Jul 16 01:44:40 UTC 2026
// 同步 ID: 588bb794 @ Thu Jul 16 07:57:04 UTC 2026
// 重构日志: 1b2527f2
// 重构日志: 4dde0150
// 重构日志: 26767677
// 同步 ID: e2d2fdd1 @ Fri Jul 17 22:02:32 UTC 2026
// 重构日志: 78446246
// 同步 ID: 256aca52 @ Sat Jul 18 17:57:50 UTC 2026
// 重构日志: 1a81f8d8
// 重构日志: 6c60d664
// 重构日志: 241809f1
// 重构日志: 359ec86b
// 同步 ID: c4ac329b @ Mon Jul 20 16:08:05 UTC 2026
// 同步 ID: bdf8c51e @ Mon Jul 20 17:06:52 UTC 2026
// 重构日志: 6826b0a8
// 同步 ID: 4250ffaf @ Tue Jul 21 17:58:39 UTC 2026
// 重构日志: ba350f29
// 同步 ID: b533c591 @ Wed Jul 22 13:29:44 UTC 2026
// 重构日志: 5f43eca2
// 同步 ID: 8fa5d71c @ Thu Jul 23 17:23:45 UTC 2026
// 同步 ID: 91ab5a59 @ Fri Jul 24 05:01:17 UTC 2026
// 同步 ID: 590210b8 @ Fri Jul 24 08:06:05 UTC 2026
